<?xml version="1.0" encoding="UTF-8"?>
<!-- Generated by org.testng.reporters.JUnitReportReporter -->
<testsuite hostname="Mayurs-MacBook-Air.local" failures="0" tests="1" name="com.qa.opencart.tests.SearchTest" time="9.626" errors="0" timestamp="2025-09-03T18:11:00 IST" skipped="0">
  <testcase classname="com.qa.opencart.tests.SearchTest" name="searchTest" time="9.626"/>
  <system-out/>
</testsuite> <!-- com.qa.opencart.tests.SearchTest -->
