<?xml version="1.0" encoding="UTF-8"?>
<!-- Generated by org.testng.reporters.JUnitReportReporter -->
<testsuite hostname="Mayurs-MacBook-Air.local" failures="0" tests="5" name="com.qa.opencart.tests.LoginPageTest" time="4.455" errors="0" timestamp="2025-09-01T07:41:23 IST" skipped="0">
  <testcase classname="com.qa.opencart.tests.LoginPageTest" name="isForgotPwdLinkExistTest" time="0.438"/>
  <system-out/>
  <testcase classname="com.qa.opencart.tests.LoginPageTest" name="isLoginPageHeaderExistTest" time="0.401"/>
  <system-out/>
  <testcase classname="com.qa.opencart.tests.LoginPageTest" name="loginPageURLTest" time="0.007"/>
  <system-out/>
  <testcase classname="com.qa.opencart.tests.LoginPageTest" name="loginPageTitleTest" time="0.017"/>
  <system-out/>
  <testcase classname="com.qa.opencart.tests.LoginPageTest" name="loginTest" time="3.592"/>
  <system-out/>
</testsuite> <!-- com.qa.opencart.tests.LoginPageTest -->
